[0514/204833.539:ERROR:process_memory_win.cc(73)] ReadMemory at 0x20d5996dab0 of 72 bytes failed: Only part of a ReadProcessMemory or WriteProcessMemory request was completed. (0x12B)
[0514/204835.087:WARNING:pe_image_annotations_reader.cc(134)] could not read annotations list object in C:\Program Files (x86)\Google\Chrome\Application\81.0.4044.138\chrome_elf.dll
[0514/204835.087:ERROR:process_memory_win.cc(73)] ReadMemory at 0x20d59cb8730 of 72 bytes failed: Only part of a ReadProcessMemory or WriteProcessMemory request was completed. (0x12B)
[0514/204835.087:WARNING:pe_image_annotations_reader.cc(134)] could not read annotations list object in C:\Program Files (x86)\Google\Chrome\Application\81.0.4044.138\chrome.dll
[0514/204835.088:ERROR:process_memory_win.cc(73)] ReadMemory at 0x20d59890000 of 64 bytes failed: Only part of a ReadProcessMemory or WriteProcessMemory request was completed. (0x12B)
[0514/204835.113:WARNING:pe_image_reader.cc(340)] could not read dos header from C:\WINDOWS\System32\OLEAUT32.dll
[0514/204835.801:ERROR:process_memory_win.cc(73)] ReadMemory at 0x20d5996dab0 of 72 bytes failed: Only part of a ReadProcessMemory or WriteProcessMemory request was completed. (0x12B)
[0514/204835.801:WARNING:pe_image_annotations_reader.cc(134)] could not read annotations list object in C:\Program Files (x86)\Google\Chrome\Application\81.0.4044.138\chrome_elf.dll
[0514/204835.801:ERROR:process_memory_win.cc(73)] ReadMemory at 0x20d59cb8730 of 72 bytes failed: Only part of a ReadProcessMemory or WriteProcessMemory request was completed. (0x12B)
[0514/204835.801:WARNING:pe_image_annotations_reader.cc(134)] could not read annotations list object in C:\Program Files (x86)\Google\Chrome\Application\81.0.4044.138\chrome.dll
[0514/204835.801:ERROR:process_memory_win.cc(73)] ReadMemory at 0x20d59890000 of 64 bytes failed: Only part of a ReadProcessMemory or WriteProcessMemory request was completed. (0x12B)
[0514/204835.801:WARNING:pe_image_reader.cc(340)] could not read dos header from C:\WINDOWS\System32\OLEAUT32.dll
[0514/204835.802:ERROR:process_memory_win.cc(73)] ReadMemory at 0x20d5996dab0 of 72 bytes failed: Only part of a ReadProcessMemory or WriteProcessMemory request was completed. (0x12B)
[0514/204835.802:WARNING:pe_image_annotations_reader.cc(134)] could not read annotations list object in C:\Program Files (x86)\Google\Chrome\Application\81.0.4044.138\chrome_elf.dll
[0514/204835.802:ERROR:process_memory_win.cc(73)] ReadMemory at 0x20d59cb8730 of 72 bytes failed: Only part of a ReadProcessMemory or WriteProcessMemory request was completed. (0x12B)
[0514/204835.802:WARNING:pe_image_annotations_reader.cc(134)] could not read annotations list object in C:\Program Files (x86)\Google\Chrome\Application\81.0.4044.138\chrome.dll
[0514/204835.802:ERROR:process_memory_win.cc(73)] ReadMemory at 0x20d59890000 of 64 bytes failed: Only part of a ReadProcessMemory or WriteProcessMemory request was completed. (0x12B)
[0514/204835.802:WARNING:pe_image_reader.cc(340)] could not read dos header from C:\WINDOWS\System32\OLEAUT32.dll
[0514/204835.872:ERROR:process_memory_win.cc(73)] ReadMemory at 0xc9dc1eb000 of 86016 bytes failed: Only part of a ReadProcessMemory or WriteProcessMemory request was completed. (0x12B)
[0514/204835.872:ERROR:process_memory_win.cc(73)] ReadMemory at 0xc9dc9fd000 of 12288 bytes failed: Only part of a ReadProcessMemory or WriteProcessMemory request was completed. (0x12B)
[0514/204835.872:ERROR:process_memory_win.cc(73)] ReadMemory at 0xc9dd9fc000 of 16384 bytes failed: Only part of a ReadProcessMemory or WriteProcessMemory request was completed. (0x12B)
[0514/204835.872:ERROR:process_memory_win.cc(73)] ReadMemory at 0xc9de1fb000 of 20480 bytes failed: Only part of a ReadProcessMemory or WriteProcessMemory request was completed. (0x12B)
[0514/204835.873:ERROR:process_memory_win.cc(73)] ReadMemory at 0xc9de9fe000 of 8192 bytes failed: Only part of a ReadProcessMemory or WriteProcessMemory request was completed. (0x12B)
[0514/204835.873:ERROR:process_memory_win.cc(73)] ReadMemory at 0xc9df1fd000 of 12288 bytes failed: Only part of a ReadProcessMemory or WriteProcessMemory request was completed. (0x12B)
[0514/204835.873:ERROR:process_memory_win.cc(73)] ReadMemory at 0xc9df9fb000 of 20480 bytes failed: Only part of a ReadProcessMemory or WriteProcessMemory request was completed. (0x12B)
[0514/204835.873:ERROR:process_memory_win.cc(73)] ReadMemory at 0xc9e09fd000 of 12288 bytes failed: Only part of a ReadProcessMemory or WriteProcessMemory request was completed. (0x12B)
[0514/204835.873:ERROR:process_memory_win.cc(73)] ReadMemory at 0xc9e11f7000 of 36864 bytes failed: Only part of a ReadProcessMemory or WriteProcessMemory request was completed. (0x12B)
[0514/204835.873:ERROR:process_memory_win.cc(73)] ReadMemory at 0xc9e19f6000 of 40960 bytes failed: Only part of a ReadProcessMemory or WriteProcessMemory request was completed. (0x12B)
[0514/204835.873:ERROR:process_memory_win.cc(73)] ReadMemory at 0xc9e21fd000 of 12288 bytes failed: Only part of a ReadProcessMemory or WriteProcessMemory request was completed. (0x12B)
[0514/204835.873:ERROR:process_memory_win.cc(73)] ReadMemory at 0xc9dd1fd000 of 12288 bytes failed: Only part of a ReadProcessMemory or WriteProcessMemory request was completed. (0x12B)
[0514/204835.873:ERROR:process_memory_win.cc(73)] ReadMemory at 0xc9e31fd000 of 12288 bytes failed: Only part of a ReadProcessMemory or WriteProcessMemory request was completed. (0x12B)
[0514/204835.874:ERROR:process_memory_win.cc(73)] ReadMemory at 0xc9e01ff000 of 4096 bytes failed: Only part of a ReadProcessMemory or WriteProcessMemory request was completed. (0x12B)
[0514/204835.874:ERROR:process_memory_win.cc(73)] ReadMemory at 0xc9db816000 of 6024 bytes failed: Only part of a ReadProcessMemory or WriteProcessMemory request was completed. (0x12B)
[0514/204835.874:ERROR:process_memory_win.cc(73)] ReadMemory at 0xc9db81a000 of 6024 bytes failed: Only part of a ReadProcessMemory or WriteProcessMemory request was completed. (0x12B)
[0514/204835.874:ERROR:process_memory_win.cc(73)] ReadMemory at 0xc9db9a0000 of 852 bytes failed: Only part of a ReadProcessMemory or WriteProcessMemory request was completed. (0x12B)
[0514/204835.874:ERROR:process_memory_win.cc(73)] ReadMemory at 0xc9db9a1000 of 6024 bytes failed: Only part of a ReadProcessMemory or WriteProcessMemory request was completed. (0x12B)
[0514/204835.874:ERROR:process_memory_win.cc(73)] ReadMemory at 0xc9db9a3000 of 6024 bytes failed: Only part of a ReadProcessMemory or WriteProcessMemory request was completed. (0x12B)
[0514/204835.874:ERROR:process_memory_win.cc(73)] ReadMemory at 0xc9db9a7000 of 6024 bytes failed: Only part of a ReadProcessMemory or WriteProcessMemory request was completed. (0x12B)
[0514/204835.874:ERROR:process_memory_win.cc(73)] ReadMemory at 0xc9db9a9000 of 6024 bytes failed: Only part of a ReadProcessMemory or WriteProcessMemory request was completed. (0x12B)
[0514/204835.874:ERROR:process_memory_win.cc(73)] ReadMemory at 0xc9db9ab000 of 6024 bytes failed: Only part of a ReadProcessMemory or WriteProcessMemory request was completed. (0x12B)
[0514/204835.874:ERROR:process_memory_win.cc(73)] ReadMemory at 0xc9db9ad000 of 6024 bytes failed: Only part of a ReadProcessMemory or WriteProcessMemory request was completed. (0x12B)
[0514/204835.875:ERROR:process_memory_win.cc(73)] ReadMemory at 0xc9db9af000 of 6024 bytes failed: Only part of a ReadProcessMemory or WriteProcessMemory request was completed. (0x12B)
[0514/204835.875:ERROR:process_memory_win.cc(73)] ReadMemory at 0xc9db9b3000 of 6024 bytes failed: Only part of a ReadProcessMemory or WriteProcessMemory request was completed. (0x12B)
[0514/204835.875:ERROR:process_memory_win.cc(73)] ReadMemory at 0xc9db9b5000 of 6024 bytes failed: Only part of a ReadProcessMemory or WriteProcessMemory request was completed. (0x12B)
[0514/204835.875:ERROR:process_memory_win.cc(73)] ReadMemory at 0xc9db9b7000 of 6024 bytes failed: Only part of a ReadProcessMemory or WriteProcessMemory request was completed. (0x12B)
[0514/204835.875:ERROR:process_memory_win.cc(73)] ReadMemory at 0xc9db9b9000 of 6024 bytes failed: Only part of a ReadProcessMemory or WriteProcessMemory request was completed. (0x12B)
[0514/204835.875:ERROR:process_memory_win.cc(73)] ReadMemory at 0xc9db9bf000 of 6024 bytes failed: Only part of a ReadProcessMemory or WriteProcessMemory request was completed. (0x12B)
[0514/204835.875:ERROR:process_memory_win.cc(73)] ReadMemory at 0x20d59430fe0 of 18806 bytes failed: Only part of a ReadProcessMemory or WriteProcessMemory request was completed. (0x12B)
[0514/204835.876:ERROR:process_memory_win.cc(73)] ReadMemory at 0x20d59435960 of 1012 bytes failed: Only part of a ReadProcessMemory or WriteProcessMemory request was completed. (0x12B)
[0514/204835.876:ERROR:process_memory_win.cc(73)] ReadMemory at 0x20d59435fa8 of 118 bytes failed: Only part of a ReadProcessMemory or WriteProcessMemory request was completed. (0x12B)
[0514/204836.248:ERROR:process_memory_win.cc(73)] ReadMemory at 0x20d59436020 of 752 bytes failed: Only part of a ReadProcessMemory or WriteProcessMemory request was completed. (0x12B)
[0514/204836.248:ERROR:process_memory_win.cc(73)] ReadMemory at 0x20d59436312 of 118 bytes failed: Only part of a ReadProcessMemory or WriteProcessMemory request was completed. (0x12B)
[0514/204836.248:ERROR:process_memory_win.cc(73)] ReadMemory at 0x20d5943638a of 100 bytes failed: Only part of a ReadProcessMemory or WriteProcessMemory request was completed. (0x12B)
[0514/204836.248:ERROR:process_memory_win.cc(73)] ReadMemory at 0x20d59436400 of 58 bytes failed: Only part of a ReadProcessMemory or WriteProcessMemory request was completed. (0x12B)
[0514/204836.248:ERROR:process_memory_win.cc(73)] ReadMemory at 0x20d59436500 of 132 bytes failed: Only part of a ReadProcessMemory or WriteProcessMemory request was completed. (0x12B)
[0514/204836.249:ERROR:process_memory_win.cc(73)] ReadMemory at 0x20d59436690 of 132 bytes failed: Only part of a ReadProcessMemory or WriteProcessMemory request was completed. (0x12B)
[0514/204836.249:ERROR:process_memory_win.cc(73)] ReadMemory at 0x20d59436850 of 126 bytes failed: Only part of a ReadProcessMemory or WriteProcessMemory request was completed. (0x12B)
[0514/204836.249:ERROR:process_memory_win.cc(73)] ReadMemory at 0x20d59436c30 of 132 bytes failed: Only part of a ReadProcessMemory or WriteProcessMemory request was completed. (0x12B)
[0514/204836.249:ERROR:process_memory_win.cc(73)] ReadMemory at 0x20d59436dc0 of 64 bytes failed: Only part of a ReadProcessMemory or WriteProcessMemory request was completed. (0x12B)
[0514/204836.249:ERROR:process_memory_win.cc(73)] ReadMemory at 0x20d59436e10 of 132 bytes failed: Only part of a ReadProcessMemory or WriteProcessMemory request was completed. (0x12B)
[0514/204836.249:ERROR:process_memory_win.cc(73)] ReadMemory at 0x20d59436f80 of 132 bytes failed: Only part of a ReadProcessMemory or WriteProcessMemory request was completed. (0x12B)
[0514/204836.249:ERROR:process_memory_win.cc(73)] ReadMemory at 0x20d59437220 of 132 bytes failed: Only part of a ReadProcessMemory or WriteProcessMemory request was completed. (0x12B)
[0514/204836.249:ERROR:process_memory_win.cc(73)] ReadMemory at 0x20d594373b0 of 68 bytes failed: Only part of a ReadProcessMemory or WriteProcessMemory request was completed. (0x12B)
[0514/204836.249:ERROR:process_memory_win.cc(73)] ReadMemory at 0x20d59438480 of 132 bytes failed: Only part of a ReadProcessMemory or WriteProcessMemory request was completed. (0x12B)
[0514/204836.250:ERROR:process_memory_win.cc(73)] ReadMemory at 0x20d59438610 of 154 bytes failed: Only part of a ReadProcessMemory or WriteProcessMemory request was completed. (0x12B)
[0514/204836.250:ERROR:process_memory_win.cc(73)] ReadMemory at 0x20d594394d0 of 62 bytes failed: Only part of a ReadProcessMemory or WriteProcessMemory request was completed. (0x12B)
[0514/204836.250:ERROR:process_memory_win.cc(73)] ReadMemory at 0x20d59439600 of 132 bytes failed: Only part of a ReadProcessMemory or WriteProcessMemory request was completed. (0x12B)
[0514/204836.250:ERROR:process_memory_win.cc(73)] ReadMemory at 0x20d59439790 of 60 bytes failed: Only part of a ReadProcessMemory or WriteProcessMemory request was completed. (0x12B)
[0514/204836.250:ERROR:process_memory_win.cc(73)] ReadMemory at 0x20d59439b50 of 146 bytes failed: Only part of a ReadProcessMemory or WriteProcessMemory request was completed. (0x12B)
[0514/204836.250:ERROR:process_memory_win.cc(73)] ReadMemory at 0x20d5943e0f0 of 132 bytes failed: Only part of a ReadProcessMemory or WriteProcessMemory request was completed. (0x12B)
[0514/204836.376:ERROR:process_memory_win.cc(73)] ReadMemory at 0x20d5943e220 of 132 bytes failed: Only part of a ReadProcessMemory or WriteProcessMemory request was completed. (0x12B)
[0514/204836.376:ERROR:process_memory_win.cc(73)] ReadMemory at 0x20d5943e3b0 of 80 bytes failed: Only part of a ReadProcessMemory or WriteProcessMemory request was completed. (0x12B)
[0514/204836.376:ERROR:process_memory_win.cc(73)] ReadMemory at 0x20d5943e5a0 of 64 bytes failed: Only part of a ReadProcessMemory or WriteProcessMemory request was completed. (0x12B)
[0514/204836.376:ERROR:process_memory_win.cc(73)] ReadMemory at 0x20d5943e5f0 of 62 bytes failed: Only part of a ReadProcessMemory or WriteProcessMemory request was completed. (0x12B)
[0514/204836.376:ERROR:process_memory_win.cc(73)] ReadMemory at 0x20d5943e640 of 60 bytes failed: Only part of a ReadProcessMemory or WriteProcessMemory request was completed. (0x12B)
[0514/204836.376:ERROR:process_memory_win.cc(73)] ReadMemory at 0x20d5943e820 of 64 bytes failed: Only part of a ReadProcessMemory or WriteProcessMemory request was completed. (0x12B)
[0514/204836.376:ERROR:process_memory_win.cc(73)] ReadMemory at 0x20d5943e910 of 64 bytes failed: Only part of a ReadProcessMemory or WriteProcessMemory request was completed. (0x12B)
[0514/204836.376:ERROR:process_memory_win.cc(73)] ReadMemory at 0x20d5943e960 of 66 bytes failed: Only part of a ReadProcessMemory or WriteProcessMemory request was completed. (0x12B)
[0514/204836.377:ERROR:process_memory_win.cc(73)] ReadMemory at 0x20d5943ea00 of 60 bytes failed: Only part of a ReadProcessMemory or WriteProcessMemory request was completed. (0x12B)
[0514/204836.377:ERROR:process_memory_win.cc(73)] ReadMemory at 0x20d5943eaa0 of 62 bytes failed: Only part of a ReadProcessMemory or WriteProcessMemory request was completed. (0x12B)
[0514/204836.377:ERROR:process_memory_win.cc(73)] ReadMemory at 0x20d5943eaf0 of 64 bytes failed: Only part of a ReadProcessMemory or WriteProcessMemory request was completed. (0x12B)
[0514/204836.377:ERROR:process_memory_win.cc(73)] ReadMemory at 0x20d5943fe20 of 80 bytes failed: Only part of a ReadProcessMemory or WriteProcessMemory request was completed. (0x12B)
[0514/204836.377:ERROR:process_memory_win.cc(73)] ReadMemory at 0x20d5943fee0 of 76 bytes failed: Only part of a ReadProcessMemory or WriteProcessMemory request was completed. (0x12B)
[0514/204836.377:ERROR:process_memory_win.cc(73)] ReadMemory at 0x20d59440170 of 66 bytes failed: Only part of a ReadProcessMemory or WriteProcessMemory request was completed. (0x12B)
[0514/204836.377:ERROR:process_memory_win.cc(73)] ReadMemory at 0x20d594401c0 of 60 bytes failed: Only part of a ReadProcessMemory or WriteProcessMemory request was completed. (0x12B)
[0514/204836.377:ERROR:process_memory_win.cc(73)] ReadMemory at 0x20d59440210 of 60 bytes failed: Only part of a ReadProcessMemory or WriteProcessMemory request was completed. (0x12B)
[0514/204836.377:ERROR:process_memory_win.cc(73)] ReadMemory at 0x20d59440260 of 64 bytes failed: Only part of a ReadProcessMemory or WriteProcessMemory request was completed. (0x12B)
[0514/204836.377:ERROR:process_memory_win.cc(73)] ReadMemory at 0x20d594402b0 of 62 bytes failed: Only part of a ReadProcessMemory or WriteProcessMemory request was completed. (0x12B)
[0514/204836.378:ERROR:process_memory_win.cc(73)] ReadMemory at 0x20d59440300 of 62 bytes failed: Only part of a ReadProcessMemory or WriteProcessMemory request was completed. (0x12B)
[0514/204836.378:ERROR:process_memory_win.cc(73)] ReadMemory at 0x20d594404e0 of 62 bytes failed: Only part of a ReadProcessMemory or WriteProcessMemory request was completed. (0x12B)
[0514/204836.378:ERROR:process_memory_win.cc(73)] ReadMemory at 0x20d594405d0 of 64 bytes failed: Only part of a ReadProcessMemory or WriteProcessMemory request was completed. (0x12B)
[0514/204836.378:ERROR:process_memory_win.cc(73)] ReadMemory at 0x20d59440670 of 60 bytes failed: Only part of a ReadProcessMemory or WriteProcessMemory request was completed. (0x12B)
[0514/204836.378:ERROR:process_memory_win.cc(73)] ReadMemory at 0x20d59440760 of 62 bytes failed: Only part of a ReadProcessMemory or WriteProcessMemory request was completed. (0x12B)
[0514/204836.378:ERROR:process_memory_win.cc(73)] ReadMemory at 0x20d594409e0 of 64 bytes failed: Only part of a ReadProcessMemory or WriteProcessMemory request was completed. (0x12B)
[0514/204836.719:ERROR:process_memory_win.cc(73)] ReadMemory at 0x20d59440c10 of 60 bytes failed: Only part of a ReadProcessMemory or WriteProcessMemory request was completed. (0x12B)
[0514/204837.038:ERROR:process_memory_win.cc(73)] ReadMemory at 0x20d59440cb0 of 58 bytes failed: Only part of a ReadProcessMemory or WriteProcessMemory request was completed. (0x12B)
[0514/204837.038:ERROR:process_memory_win.cc(73)] ReadMemory at 0x20d59440da0 of 64 bytes failed: Only part of a ReadProcessMemory or WriteProcessMemory request was completed. (0x12B)
[0514/204837.039:ERROR:process_memory_win.cc(73)] ReadMemory at 0x20d59440e40 of 62 bytes failed: Only part of a ReadProcessMemory or WriteProcessMemory request was completed. (0x12B)
[0514/204837.039:ERROR:process_memory_win.cc(73)] ReadMemory at 0x20d59440f30 of 62 bytes failed: Only part of a ReadProcessMemory or WriteProcessMemory request was completed. (0x12B)
[0514/204837.039:ERROR:process_memory_win.cc(73)] ReadMemory at 0x20d59440f80 of 62 bytes failed: Only part of a ReadProcessMemory or WriteProcessMemory request was completed. (0x12B)
[0514/204837.039:ERROR:process_memory_win.cc(73)] ReadMemory at 0x20d59440fd0 of 62 bytes failed: Only part of a ReadProcessMemory or WriteProcessMemory request was completed. (0x12B)
[0514/204837.039:ERROR:process_memory_win.cc(73)] ReadMemory at 0x20d59441f40 of 132 bytes failed: Only part of a ReadProcessMemory or WriteProcessMemory request was completed. (0x12B)
[0514/204837.185:ERROR:process_memory_win.cc(73)] ReadMemory at 0x20d59442160 of 132 bytes failed: Only part of a ReadProcessMemory or WriteProcessMemory request was completed. (0x12B)
[0514/204837.185:ERROR:process_memory_win.cc(73)] ReadMemory at 0x20d594424c0 of 132 bytes failed: Only part of a ReadProcessMemory or WriteProcessMemory request was completed. (0x12B)
[0514/204837.185:ERROR:process_memory_win.cc(73)] ReadMemory at 0x20d59443fc0 of 132 bytes failed: Only part of a ReadProcessMemory or WriteProcessMemory request was completed. (0x12B)
[0514/204837.186:ERROR:process_memory_win.cc(73)] ReadMemory at 0x20d594440f0 of 132 bytes failed: Only part of a ReadProcessMemory or WriteProcessMemory request was completed. (0x12B)
[0514/204837.186:ERROR:process_memory_win.cc(73)] ReadMemory at 0x20d59444220 of 132 bytes failed: Only part of a ReadProcessMemory or WriteProcessMemory request was completed. (0x12B)
[0514/204837.186:ERROR:process_memory_win.cc(73)] ReadMemory at 0x20d59444480 of 132 bytes failed: Only part of a ReadProcessMemory or WriteProcessMemory request was completed. (0x12B)
[0514/204837.186:ERROR:process_memory_win.cc(73)] ReadMemory at 0x20d594445b0 of 132 bytes failed: Only part of a ReadProcessMemory or WriteProcessMemory request was completed. (0x12B)
[0514/204837.264:ERROR:process_memory_win.cc(73)] ReadMemory at 0x20d594446e0 of 132 bytes failed: Only part of a ReadProcessMemory or WriteProcessMemory request was completed. (0x12B)
[0514/204837.264:ERROR:process_memory_win.cc(73)] ReadMemory at 0x20d59444810 of 132 bytes failed: Only part of a ReadProcessMemory or WriteProcessMemory request was completed. (0x12B)
[0514/204837.264:ERROR:process_memory_win.cc(73)] ReadMemory at 0x20d59444940 of 132 bytes failed: Only part of a ReadProcessMemory or WriteProcessMemory request was completed. (0x12B)
[0514/204837.265:ERROR:process_memory_win.cc(73)] ReadMemory at 0x20d59444a70 of 132 bytes failed: Only part of a ReadProcessMemory or WriteProcessMemory request was completed. (0x12B)
[0514/204837.265:ERROR:process_memory_win.cc(73)] ReadMemory at 0x20d59444ba0 of 132 bytes failed: Only part of a ReadProcessMemory or WriteProcessMemory request was completed. (0x12B)
[0514/204837.265:ERROR:process_memory_win.cc(73)] ReadMemory at 0x20d59444cd0 of 132 bytes failed: Only part of a ReadProcessMemory or WriteProcessMemory request was completed. (0x12B)
[0514/204837.265:ERROR:process_memory_win.cc(73)] ReadMemory at 0x20d59444e00 of 132 bytes failed: Only part of a ReadProcessMemory or WriteProcessMemory request was completed. (0x12B)
[0514/204837.265:ERROR:process_memory_win.cc(73)] ReadMemory at 0x20d59447600 of 54 bytes failed: Only part of a ReadProcessMemory or WriteProcessMemory request was completed. (0x12B)
[0514/204837.265:ERROR:process_memory_win.cc(73)] ReadMemory at 0x20d594484e0 of 132 bytes failed: Only part of a ReadProcessMemory or WriteProcessMemory request was completed. (0x12B)
[0514/204837.265:ERROR:process_memory_win.cc(73)] ReadMemory at 0x20d59448830 of 132 bytes failed: Only part of a ReadProcessMemory or WriteProcessMemory request was completed. (0x12B)
[0514/204837.265:ERROR:process_memory_win.cc(73)] ReadMemory at 0x20d59449330 of 132 bytes failed: Only part of a ReadProcessMemory or WriteProcessMemory request was completed. (0x12B)
[0514/204837.266:ERROR:process_memory_win.cc(73)] ReadMemory at 0x20d5944b9b0 of 132 bytes failed: Only part of a ReadProcessMemory or WriteProcessMemory request was completed. (0x12B)
[0514/204837.266:ERROR:process_memory_win.cc(73)] ReadMemory at 0x20d5944c350 of 132 bytes failed: Only part of a ReadProcessMemory or WriteProcessMemory request was completed. (0x12B)
[0514/204837.266:ERROR:process_memory_win.cc(73)] ReadMemory at 0x20d5944c5b0 of 132 bytes failed: Only part of a ReadProcessMemory or WriteProcessMemory request was completed. (0x12B)
[0514/204837.266:ERROR:process_memory_win.cc(73)] ReadMemory at 0x20d5944c940 of 132 bytes failed: Only part of a ReadProcessMemory or WriteProcessMemory request was completed. (0x12B)
[0514/204837.266:ERROR:process_memory_win.cc(73)] ReadMemory at 0x20d5944cba0 of 132 bytes failed: Only part of a ReadProcessMemory or WriteProcessMemory request was completed. (0x12B)
[0514/204837.266:ERROR:process_memory_win.cc(73)] ReadMemory at 0x20d5944d190 of 132 bytes failed: Only part of a ReadProcessMemory or WriteProcessMemory request was completed. (0x12B)
[0514/204837.266:ERROR:process_memory_win.cc(73)] ReadMemory at 0x20d5944d650 of 132 bytes failed: Only part of a ReadProcessMemory or WriteProcessMemory request was completed. (0x12B)
[0514/204837.266:ERROR:process_memory_win.cc(73)] ReadMemory at 0x20d5944d780 of 132 bytes failed: Only part of a ReadProcessMemory or WriteProcessMemory request was completed. (0x12B)
[0514/204837.266:ERROR:process_memory_win.cc(73)] ReadMemory at 0x20d5944d8b0 of 132 bytes failed: Only part of a ReadProcessMemory or WriteProcessMemory request was completed. (0x12B)
[0514/204837.267:ERROR:process_memory_win.cc(73)] ReadMemory at 0x20d5944d9e0 of 132 bytes failed: Only part of a ReadProcessMemory or WriteProcessMemory request was completed. (0x12B)
[0514/204837.267:ERROR:process_memory_win.cc(73)] ReadMemory at 0x20d5944db10 of 132 bytes failed: Only part of a ReadProcessMemory or WriteProcessMemory request was completed. (0x12B)
[0514/204837.267:ERROR:process_memory_win.cc(73)] ReadMemory at 0x20d59463b90 of 512 bytes failed: Only part of a ReadProcessMemory or WriteProcessMemory request was completed. (0x12B)
[0514/204837.267:ERROR:process_memory_win.cc(73)] ReadMemory at 0x20d59464a50 of 512 bytes failed: Only part of a ReadProcessMemory or WriteProcessMemory request was completed. (0x12B)
[0514/204837.267:ERROR:process_memory_win.cc(73)] ReadMemory at 0x20d596d0d00 of 512 bytes failed: Only part of a ReadProcessMemory or WriteProcessMemory request was completed. (0x12B)
[0514/204837.267:ERROR:process_memory_win.cc(73)] ReadMemory at 0x20d59cd97e0 of 512 bytes failed: Only part of a ReadProcessMemory or WriteProcessMemory request was completed. (0x12B)
[0514/204837.267:ERROR:process_memory_win.cc(73)] ReadMemory at 0x20d59cf15c8 of 512 bytes failed: Only part of a ReadProcessMemory or WriteProcessMemory request was completed. (0x12B)
[0514/204837.267:ERROR:process_memory_win.cc(73)] ReadMemory at 0x20d59cf3980 of 512 bytes failed: Only part of a ReadProcessMemory or WriteProcessMemory request was completed. (0x12B)
[0514/204837.268:ERROR:process_memory_win.cc(73)] ReadMemory at 0x20d59cf4c70 of 512 bytes failed: Only part of a ReadProcessMemory or WriteProcessMemory request was completed. (0x12B)
[0514/204837.268:ERROR:process_memory_win.cc(73)] ReadMemory at 0x20d59d08ba0 of 712 bytes failed: Only part of a ReadProcessMemory or WriteProcessMemory request was completed. (0x12B)
[0514/204837.268:ERROR:process_memory_win.cc(73)] ReadMemory at 0x20d5b3c3080 of 512 bytes failed: Only part of a ReadProcessMemory or WriteProcessMemory request was completed. (0x12B)
[0514/204837.268:ERROR:process_memory_win.cc(73)] ReadMemory at 0x20d5bf724e0 of 512 bytes failed: Only part of a ReadProcessMemory or WriteProcessMemory request was completed. (0x12B)
[0514/204837.268:ERROR:process_memory_win.cc(73)] ReadMemory at 0x20d5c2c5808 of 512 bytes failed: Only part of a ReadProcessMemory or WriteProcessMemory request was completed. (0x12B)
[0514/204837.268:ERROR:process_memory_win.cc(73)] ReadMemory at 0x20d5c8808b0 of 512 bytes failed: Only part of a ReadProcessMemory or WriteProcessMemory request was completed. (0x12B)
[0514/204837.268:ERROR:process_memory_win.cc(73)] ReadMemory at 0x20d5cef2bd0 of 512 bytes failed: Only part of a ReadProcessMemory or WriteProcessMemory request was completed. (0x12B)
[0514/204837.268:ERROR:process_memory_win.cc(73)] ReadMemory at 0x20d624998f8 of 512 bytes failed: Only part of a ReadProcessMemory or WriteProcessMemory request was completed. (0x12B)
[0514/204837.269:ERROR:process_memory_win.cc(73)] ReadMemory at 0x20d62f7f350 of 512 bytes failed: Only part of a ReadProcessMemory or WriteProcessMemory request was completed. (0x12B)
[0514/204837.269:ERROR:process_memory_win.cc(73)] ReadMemory at 0x402500009290 of 512 bytes failed: Only part of a ReadProcessMemory or WriteProcessMemory request was completed. (0x12B)
[0514/204837.269:ERROR:process_memory_win.cc(73)] ReadMemory at 0x4ffb9bc88f98 of 568 bytes failed: Only part of a ReadProcessMemory or WriteProcessMemory request was completed. (0x12B)
[0514/204837.269:ERROR:process_memory_win.cc(73)] ReadMemory at 0x643aa818ea40 of 512 bytes failed: Only part of a ReadProcessMemory or WriteProcessMemory request was completed. (0x12B)
[0514/204837.269:ERROR:process_memory_win.cc(73)] ReadMemory at 0x7fff484a2510 of 512 bytes failed: Only part of a ReadProcessMemory or WriteProcessMemory request was completed. (0x12B)
[0514/204837.269:ERROR:process_memory_win.cc(73)] ReadMemory at 0x7fff77017a55 of 512 bytes failed: Only part of a ReadProcessMemory or WriteProcessMemory request was completed. (0x12B)
[0514/204837.269:ERROR:process_memory_win.cc(73)] ReadMemory at 0x7fff77018245 of 512 bytes failed: Only part of a ReadProcessMemory or WriteProcessMemory request was completed. (0x12B)
[0514/204837.270:ERROR:process_memory_win.cc(73)] ReadMemory at 0x7fff8c77c074 of 672 bytes failed: Only part of a ReadProcessMemory or WriteProcessMemory request was completed. (0x12B)
[0514/204837.270:ERROR:process_memory_win.cc(73)] ReadMemory at 0x7fff8c77f924 of 608 bytes failed: Only part of a ReadProcessMemory or WriteProcessMemory request was completed. (0x12B)
[0514/204837.270:ERROR:process_memory_win.cc(73)] ReadMemory at 0x7fff8c80c428 of 18 bytes failed: Only part of a ReadProcessMemory or WriteProcessMemory request was completed. (0x12B)
[0514/204837.270:ERROR:process_memory_win.cc(73)] ReadMemory at 0x7fff8c83f4f8 of 40 bytes failed: Only part of a ReadProcessMemory or WriteProcessMemory request was completed. (0x12B)
[0514/204837.270:ERROR:process_memory_win.cc(73)] ReadMemory at 0x7fff8c83f978 of 48 bytes failed: Only part of a ReadProcessMemory or WriteProcessMemory request was completed. (0x12B)
[0514/204837.270:ERROR:process_memory_win.cc(73)] ReadMemory at 0x7fff8c8453c0 of 64 bytes failed: Only part of a ReadProcessMemory or WriteProcessMemory request was completed. (0x12B)
[0514/204838.266:ERROR:scoped_process_suspend.cc(40)] NtResumeProcess: An attempt was made to access an exiting process. (0xc000010a)
